<?xml version="1.0" encoding="UTF-8"?>
<!-- Generated by org.testng.reporters.JUnitReportReporter -->
<testsuite skipped="0" hostname="ABHISHEK" name="practice.Demo" tests="2" failures="0" timestamp="24 Jan 2022 20:29:50 GMT" time="0.006" errors="0">
  <testcase name="Welcome" time="0.006" classname="practice.Demo"/>
  <testcase name="Welcome1" time="0.000" classname="practice.Demo"/>
</testsuite> <!-- practice.Demo -->
