<?xml version="1.0" encoding="UTF-8"?>
<!-- Generated by org.testng.reporters.JUnitReportReporter -->
<testsuite skipped="0" hostname="ABHISHEK" name="practice.Sample" tests="1" failures="0" timestamp="24 Jan 2022 19:09:26 GMT" time="0.007" errors="0">
  <testcase name="Welcome" time="0.007" classname="practice.Sample"/>
</testsuite> <!-- practice.Sample -->
